<?xml version="1.0" encoding="UTF-8"?>
<robot generator="Robot 5.0 (Python 3.9.10 on darwin)" generated="20220411 17:52:22.905" rpa="false" schemaversion="3">
<suite id="s1" name="Test Todo" source="/Users/abdulwahid/Workspace/todo-automation-testing/test_todo.robot">
<test id="s1-t1" name="Empty list can have item added" line="12">
<kw name="Open TodoMVC Page Using Chrome Browser" type="SETUP">
<kw name="Open Browser" library="SeleniumLibrary">
<arg>${MAIN_PAGE}</arg>
<arg>Chrome</arg>
<doc>Opens a new browser instance to the optional ``url``.</doc>
<msg timestamp="20220411 17:52:23.060" level="INFO">Opening browser 'Chrome' to base url 'https://todomvc.com/examples/react/#/'.</msg>
<status status="PASS" starttime="20220411 17:52:23.060" endtime="20220411 17:52:25.553"/>
</kw>
<kw name="Maximize Browser Window" library="SeleniumLibrary">
<doc>Maximizes current browser window.</doc>
<status status="PASS" starttime="20220411 17:52:25.553" endtime="20220411 17:52:25.835"/>
</kw>
<status status="PASS" starttime="20220411 17:52:23.059" endtime="20220411 17:52:25.835"/>
</kw>
<kw name="GIVEN An empty Todo list">
<kw name="Wait Until Element Is Visible" library="SeleniumLibrary">
<arg>${TODO_INPUT_FIELD}</arg>
<doc>Waits until the element ``locator`` is visible.</doc>
<status status="PASS" starttime="20220411 17:52:25.837" endtime="20220411 17:52:25.857"/>
</kw>
<kw name="Wait Until Element Is Not Visible" library="SeleniumLibrary">
<arg>//section[@class='main']</arg>
<doc>Waits until the element ``locator`` is not visible.</doc>
<status status="PASS" starttime="20220411 17:52:25.857" endtime="20220411 17:52:25.865"/>
</kw>
<status status="PASS" starttime="20220411 17:52:25.836" endtime="20220411 17:52:25.865"/>
</kw>
<kw name="WHEN I add a todo for">
<arg>Buy cheese</arg>
<kw name="Wait Until Element Is Enabled" library="SeleniumLibrary">
<arg>${TODO_INPUT_FIELD}</arg>
<doc>Waits until the element ``locator`` is enabled.</doc>
<status status="PASS" starttime="20220411 17:52:25.866" endtime="20220411 17:52:25.884"/>
</kw>
<kw name="Input Text" library="SeleniumLibrary">
<arg>${TODO_INPUT_FIELD}</arg>
<arg>${todo_item}</arg>
<doc>Types the given ``text`` into the text field identified by ``locator``.</doc>
<msg timestamp="20220411 17:52:25.884" level="INFO">Typing text 'Buy cheese' into text field '//input[@class='new-todo']'.</msg>
<status status="PASS" starttime="20220411 17:52:25.884" endtime="20220411 17:52:25.968"/>
</kw>
<kw name="Press Keys" library="SeleniumLibrary">
<arg>${TODO_INPUT_FIELD}</arg>
<arg>RETURN</arg>
<doc>Simulates the user pressing key(s) to an element or on the active browser.</doc>
<msg timestamp="20220411 17:52:25.968" level="INFO">Sending key(s) ('RETURN',) to //input[@class='new-todo'] element.</msg>
<msg timestamp="20220411 17:52:26.242" level="INFO">Pressing special key RETURN to element.</msg>
<msg timestamp="20220411 17:52:26.243" level="INFO">Releasing special key RETURN.</msg>
<status status="PASS" starttime="20220411 17:52:25.968" endtime="20220411 17:52:26.307"/>
</kw>
<status status="PASS" starttime="20220411 17:52:25.865" endtime="20220411 17:52:26.307"/>
</kw>
<kw name="THEN Only that item is listed">
<arg>Buy cheese</arg>
<kw name="Wait Until Element Is Visible" library="SeleniumLibrary">
<arg>//label[text()='${todo_item}']</arg>
<doc>Waits until the element ``locator`` is visible.</doc>
<status status="PASS" starttime="20220411 17:52:26.308" endtime="20220411 17:52:26.325"/>
</kw>
<status status="PASS" starttime="20220411 17:52:26.308" endtime="20220411 17:52:26.325"/>
</kw>
<kw name="AND The list summary is">
<arg>1 item left</arg>
<kw name="Wait Until Element Is Visible" library="SeleniumLibrary">
<arg>//footer//span[contains(., '${item_left}')]</arg>
<doc>Waits until the element ``locator`` is visible.</doc>
<status status="PASS" starttime="20220411 17:52:26.326" endtime="20220411 17:52:26.340"/>
</kw>
<status status="PASS" starttime="20220411 17:52:26.325" endtime="20220411 17:52:26.340"/>
</kw>
<kw name="AND The filter is set to">
<arg>All</arg>
<kw name="Click Link" library="SeleniumLibrary">
<arg>${FILTER_ELEMENT} [text()='${filter_name}']</arg>
<doc>Clicks a link identified by ``locator``.</doc>
<msg timestamp="20220411 17:52:26.341" level="INFO">Clicking link '//ul[@class='filters']/li/a [text()='All']'.</msg>
<status status="PASS" starttime="20220411 17:52:26.340" endtime="20220411 17:52:26.374"/>
</kw>
<kw name="Wait Until Page Contains Element" library="SeleniumLibrary">
<arg>${FILTER_ELEMENT} [text()='${filter_name}'][contains(@class, 'selected')]</arg>
<doc>Waits until the element ``locator`` appears on the current page.</doc>
<status status="PASS" starttime="20220411 17:52:26.375" endtime="20220411 17:52:26.382"/>
</kw>
<status status="PASS" starttime="20220411 17:52:26.340" endtime="20220411 17:52:26.383"/>
</kw>
<kw name="AND The filter is unset to">
<arg>Completed</arg>
<kw name="Wait Until Page Contains Element" library="SeleniumLibrary">
<arg>${FILTER_ELEMENT} [text()='${filter_name}'][contains(@class, '')]</arg>
<doc>Waits until the element ``locator`` appears on the current page.</doc>
<status status="PASS" starttime="20220411 17:52:26.383" endtime="20220411 17:52:26.430"/>
</kw>
<status status="PASS" starttime="20220411 17:52:26.383" endtime="20220411 17:52:26.430"/>
</kw>
<kw name="AND The filter is unset to">
<arg>Active</arg>
<kw name="Wait Until Page Contains Element" library="SeleniumLibrary">
<arg>${FILTER_ELEMENT} [text()='${filter_name}'][contains(@class, '')]</arg>
<doc>Waits until the element ``locator`` appears on the current page.</doc>
<status status="PASS" starttime="20220411 17:52:26.431" endtime="20220411 17:52:26.440"/>
</kw>
<status status="PASS" starttime="20220411 17:52:26.430" endtime="20220411 17:52:26.440"/>
</kw>
<kw name="AND Clear completed is unavailable">
<kw name="Wait Until Element Is Not Visible" library="SeleniumLibrary">
<arg>//button[text()='Clear completed']</arg>
<doc>Waits until the element ``locator`` is not visible.</doc>
<status status="PASS" starttime="20220411 17:52:26.441" endtime="20220411 17:52:26.448"/>
</kw>
<status status="PASS" starttime="20220411 17:52:26.440" endtime="20220411 17:52:26.449"/>
</kw>
<kw name="Close Browser" library="SeleniumLibrary" type="TEARDOWN">
<doc>Closes the current browser.</doc>
<status status="PASS" starttime="20220411 17:52:26.449" endtime="20220411 17:52:26.526"/>
</kw>
<status status="PASS" starttime="20220411 17:52:23.058" endtime="20220411 17:52:26.526"/>
</test>
<test id="s1-t2" name="Empty list can have two items added" line="22">
<kw name="Open TodoMVC Page Using Chrome Browser" type="SETUP">
<kw name="Open Browser" library="SeleniumLibrary">
<arg>${MAIN_PAGE}</arg>
<arg>Chrome</arg>
<doc>Opens a new browser instance to the optional ``url``.</doc>
<msg timestamp="20220411 17:52:26.529" level="INFO">Opening browser 'Chrome' to base url 'https://todomvc.com/examples/react/#/'.</msg>
<status status="PASS" starttime="20220411 17:52:26.528" endtime="20220411 17:52:28.884"/>
</kw>
<kw name="Maximize Browser Window" library="SeleniumLibrary">
<doc>Maximizes current browser window.</doc>
<status status="PASS" starttime="20220411 17:52:28.884" endtime="20220411 17:52:29.076"/>
</kw>
<status status="PASS" starttime="20220411 17:52:26.528" endtime="20220411 17:52:29.077"/>
</kw>
<kw name="GIVEN an empty Todo list">
<kw name="Wait Until Element Is Visible" library="SeleniumLibrary">
<arg>${TODO_INPUT_FIELD}</arg>
<doc>Waits until the element ``locator`` is visible.</doc>
<status status="PASS" starttime="20220411 17:52:29.077" endtime="20220411 17:52:29.133"/>
</kw>
<kw name="Wait Until Element Is Not Visible" library="SeleniumLibrary">
<arg>//section[@class='main']</arg>
<doc>Waits until the element ``locator`` is not visible.</doc>
<status status="PASS" starttime="20220411 17:52:29.133" endtime="20220411 17:52:29.141"/>
</kw>
<status status="PASS" starttime="20220411 17:52:29.077" endtime="20220411 17:52:29.142"/>
</kw>
<kw name="WHEN I add a todo for">
<arg>Buy cheese</arg>
<kw name="Wait Until Element Is Enabled" library="SeleniumLibrary">
<arg>${TODO_INPUT_FIELD}</arg>
<doc>Waits until the element ``locator`` is enabled.</doc>
<status status="PASS" starttime="20220411 17:52:29.142" endtime="20220411 17:52:29.159"/>
</kw>
<kw name="Input Text" library="SeleniumLibrary">
<arg>${TODO_INPUT_FIELD}</arg>
<arg>${todo_item}</arg>
<doc>Types the given ``text`` into the text field identified by ``locator``.</doc>
<msg timestamp="20220411 17:52:29.160" level="INFO">Typing text 'Buy cheese' into text field '//input[@class='new-todo']'.</msg>
<status status="PASS" starttime="20220411 17:52:29.159" endtime="20220411 17:52:29.242"/>
</kw>
<kw name="Press Keys" library="SeleniumLibrary">
<arg>${TODO_INPUT_FIELD}</arg>
<arg>RETURN</arg>
<doc>Simulates the user pressing key(s) to an element or on the active browser.</doc>
<msg timestamp="20220411 17:52:29.243" level="INFO">Sending key(s) ('RETURN',) to //input[@class='new-todo'] element.</msg>
<msg timestamp="20220411 17:52:29.509" level="INFO">Pressing special key RETURN to element.</msg>
<msg timestamp="20220411 17:52:29.509" level="INFO">Releasing special key RETURN.</msg>
<status status="PASS" starttime="20220411 17:52:29.242" endtime="20220411 17:52:29.569"/>
</kw>
<status status="PASS" starttime="20220411 17:52:29.142" endtime="20220411 17:52:29.569"/>
</kw>
<kw name="AND I add a todo for">
<arg>Wash the car</arg>
<kw name="Wait Until Element Is Enabled" library="SeleniumLibrary">
<arg>${TODO_INPUT_FIELD}</arg>
<doc>Waits until the element ``locator`` is enabled.</doc>
<status status="PASS" starttime="20220411 17:52:29.569" endtime="20220411 17:52:29.585"/>
</kw>
<kw name="Input Text" library="SeleniumLibrary">
<arg>${TODO_INPUT_FIELD}</arg>
<arg>${todo_item}</arg>
<doc>Types the given ``text`` into the text field identified by ``locator``.</doc>
<msg timestamp="20220411 17:52:29.586" level="INFO">Typing text 'Wash the car' into text field '//input[@class='new-todo']'.</msg>
<status status="PASS" starttime="20220411 17:52:29.585" endtime="20220411 17:52:29.624"/>
</kw>
<kw name="Press Keys" library="SeleniumLibrary">
<arg>${TODO_INPUT_FIELD}</arg>
<arg>RETURN</arg>
<doc>Simulates the user pressing key(s) to an element or on the active browser.</doc>
<msg timestamp="20220411 17:52:29.625" level="INFO">Sending key(s) ('RETURN',) to //input[@class='new-todo'] element.</msg>
<msg timestamp="20220411 17:52:29.895" level="INFO">Pressing special key RETURN to element.</msg>
<msg timestamp="20220411 17:52:29.895" level="INFO">Releasing special key RETURN.</msg>
<status status="PASS" starttime="20220411 17:52:29.625" endtime="20220411 17:52:29.908"/>
</kw>
<status status="PASS" starttime="20220411 17:52:29.569" endtime="20220411 17:52:29.909"/>
</kw>
<kw name="THEN Only that item is listed">
<arg>Buy cheese</arg>
<kw name="Wait Until Element Is Visible" library="SeleniumLibrary">
<arg>//label[text()='${todo_item}']</arg>
<doc>Waits until the element ``locator`` is visible.</doc>
<status status="PASS" starttime="20220411 17:52:29.910" endtime="20220411 17:52:29.933"/>
</kw>
<status status="PASS" starttime="20220411 17:52:29.909" endtime="20220411 17:52:29.933"/>
</kw>
<kw name="AND Only that item is listed">
<arg>Wash the car</arg>
<kw name="Wait Until Element Is Visible" library="SeleniumLibrary">
<arg>//label[text()='${todo_item}']</arg>
<doc>Waits until the element ``locator`` is visible.</doc>
<status status="PASS" starttime="20220411 17:52:29.933" endtime="20220411 17:52:29.950"/>
</kw>
<status status="PASS" starttime="20220411 17:52:29.933" endtime="20220411 17:52:29.950"/>
</kw>
<kw name="AND The list summary is">
<arg>2 items left</arg>
<kw name="Wait Until Element Is Visible" library="SeleniumLibrary">
<arg>//footer//span[contains(., '${item_left}')]</arg>
<doc>Waits until the element ``locator`` is visible.</doc>
<status status="PASS" starttime="20220411 17:52:29.951" endtime="20220411 17:52:29.965"/>
</kw>
<status status="PASS" starttime="20220411 17:52:29.951" endtime="20220411 17:52:29.966"/>
</kw>
<kw name="AND The filter is set to">
<arg>All</arg>
<kw name="Click Link" library="SeleniumLibrary">
<arg>${FILTER_ELEMENT} [text()='${filter_name}']</arg>
<doc>Clicks a link identified by ``locator``.</doc>
<msg timestamp="20220411 17:52:29.966" level="INFO">Clicking link '//ul[@class='filters']/li/a [text()='All']'.</msg>
<status status="PASS" starttime="20220411 17:52:29.966" endtime="20220411 17:52:30.002"/>
</kw>
<kw name="Wait Until Page Contains Element" library="SeleniumLibrary">
<arg>${FILTER_ELEMENT} [text()='${filter_name}'][contains(@class, 'selected')]</arg>
<doc>Waits until the element ``locator`` appears on the current page.</doc>
<status status="PASS" starttime="20220411 17:52:30.002" endtime="20220411 17:52:30.032"/>
</kw>
<status status="PASS" starttime="20220411 17:52:29.966" endtime="20220411 17:52:30.033"/>
</kw>
<kw name="AND The filter is unset to">
<arg>Completed</arg>
<kw name="Wait Until Page Contains Element" library="SeleniumLibrary">
<arg>${FILTER_ELEMENT} [text()='${filter_name}'][contains(@class, '')]</arg>
<doc>Waits until the element ``locator`` appears on the current page.</doc>
<status status="PASS" starttime="20220411 17:52:30.034" endtime="20220411 17:52:30.045"/>
</kw>
<status status="PASS" starttime="20220411 17:52:30.033" endtime="20220411 17:52:30.045"/>
</kw>
<kw name="AND The filter is unset to">
<arg>Active</arg>
<kw name="Wait Until Page Contains Element" library="SeleniumLibrary">
<arg>${FILTER_ELEMENT} [text()='${filter_name}'][contains(@class, '')]</arg>
<doc>Waits until the element ``locator`` appears on the current page.</doc>
<status status="PASS" starttime="20220411 17:52:30.046" endtime="20220411 17:52:30.055"/>
</kw>
<status status="PASS" starttime="20220411 17:52:30.046" endtime="20220411 17:52:30.055"/>
</kw>
<kw name="AND Clear completed is unavailable">
<kw name="Wait Until Element Is Not Visible" library="SeleniumLibrary">
<arg>//button[text()='Clear completed']</arg>
<doc>Waits until the element ``locator`` is not visible.</doc>
<status status="PASS" starttime="20220411 17:52:30.055" endtime="20220411 17:52:30.063"/>
</kw>
<status status="PASS" starttime="20220411 17:52:30.055" endtime="20220411 17:52:30.063"/>
</kw>
<kw name="Close Browser" library="SeleniumLibrary" type="TEARDOWN">
<doc>Closes the current browser.</doc>
<status status="PASS" starttime="20220411 17:52:30.064" endtime="20220411 17:52:30.140"/>
</kw>
<status status="PASS" starttime="20220411 17:52:26.527" endtime="20220411 17:52:30.140"/>
</test>
<test id="s1-t3" name="Item completion changes the list" line="34">
<kw name="Open TodoMVC Page Using Chrome Browser" type="SETUP">
<kw name="Open Browser" library="SeleniumLibrary">
<arg>${MAIN_PAGE}</arg>
<arg>Chrome</arg>
<doc>Opens a new browser instance to the optional ``url``.</doc>
<msg timestamp="20220411 17:52:30.142" level="INFO">Opening browser 'Chrome' to base url 'https://todomvc.com/examples/react/#/'.</msg>
<status status="PASS" starttime="20220411 17:52:30.141" endtime="20220411 17:52:32.230"/>
</kw>
<kw name="Maximize Browser Window" library="SeleniumLibrary">
<doc>Maximizes current browser window.</doc>
<status status="PASS" starttime="20220411 17:52:32.230" endtime="20220411 17:52:32.379"/>
</kw>
<status status="PASS" starttime="20220411 17:52:30.141" endtime="20220411 17:52:32.379"/>
</kw>
<kw name="GIVEN a Todo list with items">
<arg>File taxes</arg>
<arg>Walk the dog</arg>
<kw name="I add a todo for">
<arg>${item1}</arg>
<kw name="Wait Until Element Is Enabled" library="SeleniumLibrary">
<arg>${TODO_INPUT_FIELD}</arg>
<doc>Waits until the element ``locator`` is enabled.</doc>
<status status="PASS" starttime="20220411 17:52:32.381" endtime="20220411 17:52:32.403"/>
</kw>
<kw name="Input Text" library="SeleniumLibrary">
<arg>${TODO_INPUT_FIELD}</arg>
<arg>${todo_item}</arg>
<doc>Types the given ``text`` into the text field identified by ``locator``.</doc>
<msg timestamp="20220411 17:52:32.404" level="INFO">Typing text 'File taxes' into text field '//input[@class='new-todo']'.</msg>
<status status="PASS" starttime="20220411 17:52:32.404" endtime="20220411 17:52:32.488"/>
</kw>
<kw name="Press Keys" library="SeleniumLibrary">
<arg>${TODO_INPUT_FIELD}</arg>
<arg>RETURN</arg>
<doc>Simulates the user pressing key(s) to an element or on the active browser.</doc>
<msg timestamp="20220411 17:52:32.489" level="INFO">Sending key(s) ('RETURN',) to //input[@class='new-todo'] element.</msg>
<msg timestamp="20220411 17:52:32.757" level="INFO">Pressing special key RETURN to element.</msg>
<msg timestamp="20220411 17:52:32.757" level="INFO">Releasing special key RETURN.</msg>
<status status="PASS" starttime="20220411 17:52:32.488" endtime="20220411 17:52:32.822"/>
</kw>
<status status="PASS" starttime="20220411 17:52:32.380" endtime="20220411 17:52:32.822"/>
</kw>
<kw name="I add a todo for">
<arg>${item2}</arg>
<kw name="Wait Until Element Is Enabled" library="SeleniumLibrary">
<arg>${TODO_INPUT_FIELD}</arg>
<doc>Waits until the element ``locator`` is enabled.</doc>
<status status="PASS" starttime="20220411 17:52:32.823" endtime="20220411 17:52:32.838"/>
</kw>
<kw name="Input Text" library="SeleniumLibrary">
<arg>${TODO_INPUT_FIELD}</arg>
<arg>${todo_item}</arg>
<doc>Types the given ``text`` into the text field identified by ``locator``.</doc>
<msg timestamp="20220411 17:52:32.839" level="INFO">Typing text 'Walk the dog' into text field '//input[@class='new-todo']'.</msg>
<status status="PASS" starttime="20220411 17:52:32.838" endtime="20220411 17:52:32.874"/>
</kw>
<kw name="Press Keys" library="SeleniumLibrary">
<arg>${TODO_INPUT_FIELD}</arg>
<arg>RETURN</arg>
<doc>Simulates the user pressing key(s) to an element or on the active browser.</doc>
<msg timestamp="20220411 17:52:32.875" level="INFO">Sending key(s) ('RETURN',) to //input[@class='new-todo'] element.</msg>
<msg timestamp="20220411 17:52:33.147" level="INFO">Pressing special key RETURN to element.</msg>
<msg timestamp="20220411 17:52:33.147" level="INFO">Releasing special key RETURN.</msg>
<status status="PASS" starttime="20220411 17:52:32.874" endtime="20220411 17:52:33.160"/>
</kw>
<status status="PASS" starttime="20220411 17:52:32.822" endtime="20220411 17:52:33.161"/>
</kw>
<status status="PASS" starttime="20220411 17:52:32.380" endtime="20220411 17:52:33.161"/>
</kw>
<kw name="WHEN The item is marked as complete">
<arg>File taxes</arg>
<kw name="Click Button" library="SeleniumLibrary">
<arg>//label[text()='${item}']//preceding-sibling::input[@type='checkbox']</arg>
<doc>Clicks the button identified by ``locator``.</doc>
<msg timestamp="20220411 17:52:33.163" level="INFO">Clicking button '//label[text()='File taxes']//preceding-sibling::input[@type='checkbox']'.</msg>
<status status="PASS" starttime="20220411 17:52:33.162" endtime="20220411 17:52:33.208"/>
</kw>
<kw name="Wait Until Page Contains Element" library="SeleniumLibrary">
<arg>//label[text()='${item}']//ancestor::li[contains(@class, 'completed')]</arg>
<doc>Waits until the element ``locator`` appears on the current page.</doc>
<status status="PASS" starttime="20220411 17:52:33.208" endtime="20220411 17:52:33.234"/>
</kw>
<status status="PASS" starttime="20220411 17:52:33.161" endtime="20220411 17:52:33.234"/>
</kw>
<kw name="THEN The item is listed as active">
<arg>Walk the dog</arg>
<kw name="Wait Until Page Contains Element" library="SeleniumLibrary">
<arg>//label[text()='${item}']//ancestor::li[contains(@class, '')]</arg>
<doc>Waits until the element ``locator`` appears on the current page.</doc>
<status status="PASS" starttime="20220411 17:52:33.235" endtime="20220411 17:52:33.244"/>
</kw>
<status status="PASS" starttime="20220411 17:52:33.235" endtime="20220411 17:52:33.244"/>
</kw>
<kw name="AND The list summary is">
<arg>1 item left</arg>
<kw name="Wait Until Element Is Visible" library="SeleniumLibrary">
<arg>//footer//span[contains(., '${item_left}')]</arg>
<doc>Waits until the element ``locator`` is visible.</doc>
<status status="PASS" starttime="20220411 17:52:33.245" endtime="20220411 17:52:33.261"/>
</kw>
<status status="PASS" starttime="20220411 17:52:33.244" endtime="20220411 17:52:33.261"/>
</kw>
<kw name="AND Clear completed is available">
<kw name="Wait Until Element Is Visible" library="SeleniumLibrary">
<arg>//button[text()='Clear completed']</arg>
<doc>Waits until the element ``locator`` is visible.</doc>
<status status="PASS" starttime="20220411 17:52:33.262" endtime="20220411 17:52:33.277"/>
</kw>
<status status="PASS" starttime="20220411 17:52:33.261" endtime="20220411 17:52:33.277"/>
</kw>
<kw name="Close Browser" library="SeleniumLibrary" type="TEARDOWN">
<doc>Closes the current browser.</doc>
<status status="PASS" starttime="20220411 17:52:33.277" endtime="20220411 17:52:33.354"/>
</kw>
<status status="PASS" starttime="20220411 17:52:30.140" endtime="20220411 17:52:33.354"/>
</test>
<test id="s1-t4" name="Completed items should not be visible in active filter" line="41">
<kw name="Open TodoMVC Page Using Chrome Browser" type="SETUP">
<kw name="Open Browser" library="SeleniumLibrary">
<arg>${MAIN_PAGE}</arg>
<arg>Chrome</arg>
<doc>Opens a new browser instance to the optional ``url``.</doc>
<msg timestamp="20220411 17:52:33.356" level="INFO">Opening browser 'Chrome' to base url 'https://todomvc.com/examples/react/#/'.</msg>
<status status="PASS" starttime="20220411 17:52:33.355" endtime="20220411 17:52:35.504"/>
</kw>
<kw name="Maximize Browser Window" library="SeleniumLibrary">
<doc>Maximizes current browser window.</doc>
<status status="PASS" starttime="20220411 17:52:35.504" endtime="20220411 17:52:35.615"/>
</kw>
<status status="PASS" starttime="20220411 17:52:33.355" endtime="20220411 17:52:35.616"/>
</kw>
<kw name="GIVEN a Todo list with items">
<arg>File taxes</arg>
<arg>Walk the dog</arg>
<kw name="I add a todo for">
<arg>${item1}</arg>
<kw name="Wait Until Element Is Enabled" library="SeleniumLibrary">
<arg>${TODO_INPUT_FIELD}</arg>
<doc>Waits until the element ``locator`` is enabled.</doc>
<status status="PASS" starttime="20220411 17:52:35.617" endtime="20220411 17:52:35.675"/>
</kw>
<kw name="Input Text" library="SeleniumLibrary">
<arg>${TODO_INPUT_FIELD}</arg>
<arg>${todo_item}</arg>
<doc>Types the given ``text`` into the text field identified by ``locator``.</doc>
<msg timestamp="20220411 17:52:35.676" level="INFO">Typing text 'File taxes' into text field '//input[@class='new-todo']'.</msg>
<status status="PASS" starttime="20220411 17:52:35.676" endtime="20220411 17:52:35.760"/>
</kw>
<kw name="Press Keys" library="SeleniumLibrary">
<arg>${TODO_INPUT_FIELD}</arg>
<arg>RETURN</arg>
<doc>Simulates the user pressing key(s) to an element or on the active browser.</doc>
<msg timestamp="20220411 17:52:35.761" level="INFO">Sending key(s) ('RETURN',) to //input[@class='new-todo'] element.</msg>
<msg timestamp="20220411 17:52:36.030" level="INFO">Pressing special key RETURN to element.</msg>
<msg timestamp="20220411 17:52:36.030" level="INFO">Releasing special key RETURN.</msg>
<status status="PASS" starttime="20220411 17:52:35.760" endtime="20220411 17:52:36.096"/>
</kw>
<status status="PASS" starttime="20220411 17:52:35.617" endtime="20220411 17:52:36.096"/>
</kw>
<kw name="I add a todo for">
<arg>${item2}</arg>
<kw name="Wait Until Element Is Enabled" library="SeleniumLibrary">
<arg>${TODO_INPUT_FIELD}</arg>
<doc>Waits until the element ``locator`` is enabled.</doc>
<status status="PASS" starttime="20220411 17:52:36.096" endtime="20220411 17:52:36.112"/>
</kw>
<kw name="Input Text" library="SeleniumLibrary">
<arg>${TODO_INPUT_FIELD}</arg>
<arg>${todo_item}</arg>
<doc>Types the given ``text`` into the text field identified by ``locator``.</doc>
<msg timestamp="20220411 17:52:36.112" level="INFO">Typing text 'Walk the dog' into text field '//input[@class='new-todo']'.</msg>
<status status="PASS" starttime="20220411 17:52:36.112" endtime="20220411 17:52:36.148"/>
</kw>
<kw name="Press Keys" library="SeleniumLibrary">
<arg>${TODO_INPUT_FIELD}</arg>
<arg>RETURN</arg>
<doc>Simulates the user pressing key(s) to an element or on the active browser.</doc>
<msg timestamp="20220411 17:52:36.149" level="INFO">Sending key(s) ('RETURN',) to //input[@class='new-todo'] element.</msg>
<msg timestamp="20220411 17:52:36.423" level="INFO">Pressing special key RETURN to element.</msg>
<msg timestamp="20220411 17:52:36.423" level="INFO">Releasing special key RETURN.</msg>
<status status="PASS" starttime="20220411 17:52:36.148" endtime="20220411 17:52:36.435"/>
</kw>
<status status="PASS" starttime="20220411 17:52:36.096" endtime="20220411 17:52:36.435"/>
</kw>
<status status="PASS" starttime="20220411 17:52:35.616" endtime="20220411 17:52:36.435"/>
</kw>
<kw name="AND The item is marked as complete">
<arg>File taxes</arg>
<kw name="Click Button" library="SeleniumLibrary">
<arg>//label[text()='${item}']//preceding-sibling::input[@type='checkbox']</arg>
<doc>Clicks the button identified by ``locator``.</doc>
<msg timestamp="20220411 17:52:36.437" level="INFO">Clicking button '//label[text()='File taxes']//preceding-sibling::input[@type='checkbox']'.</msg>
<status status="PASS" starttime="20220411 17:52:36.436" endtime="20220411 17:52:36.481"/>
</kw>
<kw name="Wait Until Page Contains Element" library="SeleniumLibrary">
<arg>//label[text()='${item}']//ancestor::li[contains(@class, 'completed')]</arg>
<doc>Waits until the element ``locator`` appears on the current page.</doc>
<status status="PASS" starttime="20220411 17:52:36.482" endtime="20220411 17:52:36.512"/>
</kw>
<status status="PASS" starttime="20220411 17:52:36.436" endtime="20220411 17:52:36.512"/>
</kw>
<kw name="WHEN The filter is set to">
<arg>Active</arg>
<kw name="Click Link" library="SeleniumLibrary">
<arg>${FILTER_ELEMENT} [text()='${filter_name}']</arg>
<doc>Clicks a link identified by ``locator``.</doc>
<msg timestamp="20220411 17:52:36.513" level="INFO">Clicking link '//ul[@class='filters']/li/a [text()='Active']'.</msg>
<status status="PASS" starttime="20220411 17:52:36.512" endtime="20220411 17:52:36.553"/>
</kw>
<kw name="Wait Until Page Contains Element" library="SeleniumLibrary">
<arg>${FILTER_ELEMENT} [text()='${filter_name}'][contains(@class, 'selected')]</arg>
<doc>Waits until the element ``locator`` appears on the current page.</doc>
<status status="PASS" starttime="20220411 17:52:36.553" endtime="20220411 17:52:36.561"/>
</kw>
<status status="PASS" starttime="20220411 17:52:36.512" endtime="20220411 17:52:36.561"/>
</kw>
<kw name="THEN The item is listed as active">
<arg>Walk the dog</arg>
<kw name="Wait Until Page Contains Element" library="SeleniumLibrary">
<arg>//label[text()='${item}']//ancestor::li[contains(@class, '')]</arg>
<doc>Waits until the element ``locator`` appears on the current page.</doc>
<status status="PASS" starttime="20220411 17:52:36.562" endtime="20220411 17:52:36.571"/>
</kw>
<status status="PASS" starttime="20220411 17:52:36.562" endtime="20220411 17:52:36.572"/>
</kw>
<kw name="AND The list summary is">
<arg>1 item left</arg>
<kw name="Wait Until Element Is Visible" library="SeleniumLibrary">
<arg>//footer//span[contains(., '${item_left}')]</arg>
<doc>Waits until the element ``locator`` is visible.</doc>
<status status="PASS" starttime="20220411 17:52:36.572" endtime="20220411 17:52:36.587"/>
</kw>
<status status="PASS" starttime="20220411 17:52:36.572" endtime="20220411 17:52:36.587"/>
</kw>
<kw name="AND Clear completed is available">
<kw name="Wait Until Element Is Visible" library="SeleniumLibrary">
<arg>//button[text()='Clear completed']</arg>
<doc>Waits until the element ``locator`` is visible.</doc>
<status status="PASS" starttime="20220411 17:52:36.588" endtime="20220411 17:52:36.603"/>
</kw>
<status status="PASS" starttime="20220411 17:52:36.588" endtime="20220411 17:52:36.603"/>
</kw>
<kw name="And The route is">
<arg>/active</arg>
<kw name="Location Should Contain" library="SeleniumLibrary">
<arg>${route}</arg>
<doc>Verifies that the current URL contains ``expected``.</doc>
<msg timestamp="20220411 17:52:36.607" level="INFO">Current location contains '/active'.</msg>
<status status="PASS" starttime="20220411 17:52:36.603" endtime="20220411 17:52:36.607"/>
</kw>
<status status="PASS" starttime="20220411 17:52:36.603" endtime="20220411 17:52:36.607"/>
</kw>
<kw name="Close Browser" library="SeleniumLibrary" type="TEARDOWN">
<doc>Closes the current browser.</doc>
<status status="PASS" starttime="20220411 17:52:36.608" endtime="20220411 17:52:36.684"/>
</kw>
<status status="PASS" starttime="20220411 17:52:33.355" endtime="20220411 17:52:36.685"/>
</test>
<test id="s1-t5" name="All completed items should not be visible in active filter" line="50">
<kw name="Open TodoMVC Page Using Chrome Browser" type="SETUP">
<kw name="Open Browser" library="SeleniumLibrary">
<arg>${MAIN_PAGE}</arg>
<arg>Chrome</arg>
<doc>Opens a new browser instance to the optional ``url``.</doc>
<msg timestamp="20220411 17:52:36.687" level="INFO">Opening browser 'Chrome' to base url 'https://todomvc.com/examples/react/#/'.</msg>
<status status="PASS" starttime="20220411 17:52:36.687" endtime="20220411 17:52:38.768"/>
</kw>
<kw name="Maximize Browser Window" library="SeleniumLibrary">
<doc>Maximizes current browser window.</doc>
<status status="PASS" starttime="20220411 17:52:38.768" endtime="20220411 17:52:38.925"/>
</kw>
<status status="PASS" starttime="20220411 17:52:36.686" endtime="20220411 17:52:38.925"/>
</kw>
<kw name="GIVEN a Todo list with items">
<arg>File taxes</arg>
<arg>Walk the dog</arg>
<kw name="I add a todo for">
<arg>${item1}</arg>
<kw name="Wait Until Element Is Enabled" library="SeleniumLibrary">
<arg>${TODO_INPUT_FIELD}</arg>
<doc>Waits until the element ``locator`` is enabled.</doc>
<status status="PASS" starttime="20220411 17:52:38.926" endtime="20220411 17:52:38.950"/>
</kw>
<kw name="Input Text" library="SeleniumLibrary">
<arg>${TODO_INPUT_FIELD}</arg>
<arg>${todo_item}</arg>
<doc>Types the given ``text`` into the text field identified by ``locator``.</doc>
<msg timestamp="20220411 17:52:38.950" level="INFO">Typing text 'File taxes' into text field '//input[@class='new-todo']'.</msg>
<status status="PASS" starttime="20220411 17:52:38.950" endtime="20220411 17:52:39.034"/>
</kw>
<kw name="Press Keys" library="SeleniumLibrary">
<arg>${TODO_INPUT_FIELD}</arg>
<arg>RETURN</arg>
<doc>Simulates the user pressing key(s) to an element or on the active browser.</doc>
<msg timestamp="20220411 17:52:39.035" level="INFO">Sending key(s) ('RETURN',) to //input[@class='new-todo'] element.</msg>
<msg timestamp="20220411 17:52:39.302" level="INFO">Pressing special key RETURN to element.</msg>
<msg timestamp="20220411 17:52:39.303" level="INFO">Releasing special key RETURN.</msg>
<status status="PASS" starttime="20220411 17:52:39.034" endtime="20220411 17:52:39.365"/>
</kw>
<status status="PASS" starttime="20220411 17:52:38.926" endtime="20220411 17:52:39.365"/>
</kw>
<kw name="I add a todo for">
<arg>${item2}</arg>
<kw name="Wait Until Element Is Enabled" library="SeleniumLibrary">
<arg>${TODO_INPUT_FIELD}</arg>
<doc>Waits until the element ``locator`` is enabled.</doc>
<status status="PASS" starttime="20220411 17:52:39.366" endtime="20220411 17:52:39.381"/>
</kw>
<kw name="Input Text" library="SeleniumLibrary">
<arg>${TODO_INPUT_FIELD}</arg>
<arg>${todo_item}</arg>
<doc>Types the given ``text`` into the text field identified by ``locator``.</doc>
<msg timestamp="20220411 17:52:39.382" level="INFO">Typing text 'Walk the dog' into text field '//input[@class='new-todo']'.</msg>
<status status="PASS" starttime="20220411 17:52:39.382" endtime="20220411 17:52:39.417"/>
</kw>
<kw name="Press Keys" library="SeleniumLibrary">
<arg>${TODO_INPUT_FIELD}</arg>
<arg>RETURN</arg>
<doc>Simulates the user pressing key(s) to an element or on the active browser.</doc>
<msg timestamp="20220411 17:52:39.418" level="INFO">Sending key(s) ('RETURN',) to //input[@class='new-todo'] element.</msg>
<msg timestamp="20220411 17:52:39.684" level="INFO">Pressing special key RETURN to element.</msg>
<msg timestamp="20220411 17:52:39.685" level="INFO">Releasing special key RETURN.</msg>
<status status="PASS" starttime="20220411 17:52:39.417" endtime="20220411 17:52:39.698"/>
</kw>
<status status="PASS" starttime="20220411 17:52:39.365" endtime="20220411 17:52:39.699"/>
</kw>
<status status="PASS" starttime="20220411 17:52:38.925" endtime="20220411 17:52:39.699"/>
</kw>
<kw name="AND The item is marked as complete">
<arg>File taxes</arg>
<kw name="Click Button" library="SeleniumLibrary">
<arg>//label[text()='${item}']//preceding-sibling::input[@type='checkbox']</arg>
<doc>Clicks the button identified by ``locator``.</doc>
<msg timestamp="20220411 17:52:39.701" level="INFO">Clicking button '//label[text()='File taxes']//preceding-sibling::input[@type='checkbox']'.</msg>
<status status="PASS" starttime="20220411 17:52:39.700" endtime="20220411 17:52:39.771"/>
</kw>
<kw name="Wait Until Page Contains Element" library="SeleniumLibrary">
<arg>//label[text()='${item}']//ancestor::li[contains(@class, 'completed')]</arg>
<doc>Waits until the element ``locator`` appears on the current page.</doc>
<status status="PASS" starttime="20220411 17:52:39.771" endtime="20220411 17:52:39.780"/>
</kw>
<status status="PASS" starttime="20220411 17:52:39.699" endtime="20220411 17:52:39.780"/>
</kw>
<kw name="AND The item is marked as complete">
<arg>Walk the dog</arg>
<kw name="Click Button" library="SeleniumLibrary">
<arg>//label[text()='${item}']//preceding-sibling::input[@type='checkbox']</arg>
<doc>Clicks the button identified by ``locator``.</doc>
<msg timestamp="20220411 17:52:39.781" level="INFO">Clicking button '//label[text()='Walk the dog']//preceding-sibling::input[@type='checkbox']'.</msg>
<status status="PASS" starttime="20220411 17:52:39.781" endtime="20220411 17:52:39.819"/>
</kw>
<kw name="Wait Until Page Contains Element" library="SeleniumLibrary">
<arg>//label[text()='${item}']//ancestor::li[contains(@class, 'completed')]</arg>
<doc>Waits until the element ``locator`` appears on the current page.</doc>
<status status="PASS" starttime="20220411 17:52:39.819" endtime="20220411 17:52:39.827"/>
</kw>
<status status="PASS" starttime="20220411 17:52:39.781" endtime="20220411 17:52:39.827"/>
</kw>
<kw name="WHEN The filter is set to">
<arg>Active</arg>
<kw name="Click Link" library="SeleniumLibrary">
<arg>${FILTER_ELEMENT} [text()='${filter_name}']</arg>
<doc>Clicks a link identified by ``locator``.</doc>
<msg timestamp="20220411 17:52:39.829" level="INFO">Clicking link '//ul[@class='filters']/li/a [text()='Active']'.</msg>
<status status="PASS" starttime="20220411 17:52:39.828" endtime="20220411 17:52:39.863"/>
</kw>
<kw name="Wait Until Page Contains Element" library="SeleniumLibrary">
<arg>${FILTER_ELEMENT} [text()='${filter_name}'][contains(@class, 'selected')]</arg>
<doc>Waits until the element ``locator`` appears on the current page.</doc>
<status status="PASS" starttime="20220411 17:52:39.864" endtime="20220411 17:52:39.878"/>
</kw>
<status status="PASS" starttime="20220411 17:52:39.828" endtime="20220411 17:52:39.878"/>
</kw>
<kw name="THEN Nothing is listed">
<kw name="Wait Until Element Is Not Visible" library="SeleniumLibrary">
<arg>//ul[@class='todo-list']</arg>
<doc>Waits until the element ``locator`` is not visible.</doc>
<status status="PASS" starttime="20220411 17:52:39.878" endtime="20220411 17:52:39.894"/>
</kw>
<status status="PASS" starttime="20220411 17:52:39.878" endtime="20220411 17:52:39.894"/>
</kw>
<kw name="AND The list summary is">
<arg>0 items left</arg>
<kw name="Wait Until Element Is Visible" library="SeleniumLibrary">
<arg>//footer//span[contains(., '${item_left}')]</arg>
<doc>Waits until the element ``locator`` is visible.</doc>
<status status="PASS" starttime="20220411 17:52:39.895" endtime="20220411 17:52:39.910"/>
</kw>
<status status="PASS" starttime="20220411 17:52:39.894" endtime="20220411 17:52:39.910"/>
</kw>
<kw name="AND Clear completed is available">
<kw name="Wait Until Element Is Visible" library="SeleniumLibrary">
<arg>//button[text()='Clear completed']</arg>
<doc>Waits until the element ``locator`` is visible.</doc>
<status status="PASS" starttime="20220411 17:52:39.911" endtime="20220411 17:52:39.924"/>
</kw>
<status status="PASS" starttime="20220411 17:52:39.910" endtime="20220411 17:52:39.924"/>
</kw>
<kw name="AND The route is">
<arg>/active</arg>
<kw name="Location Should Contain" library="SeleniumLibrary">
<arg>${route}</arg>
<doc>Verifies that the current URL contains ``expected``.</doc>
<msg timestamp="20220411 17:52:39.927" level="INFO">Current location contains '/active'.</msg>
<status status="PASS" starttime="20220411 17:52:39.924" endtime="20220411 17:52:39.927"/>
</kw>
<status status="PASS" starttime="20220411 17:52:39.924" endtime="20220411 17:52:39.927"/>
</kw>
<kw name="Close Browser" library="SeleniumLibrary" type="TEARDOWN">
<doc>Closes the current browser.</doc>
<status status="PASS" starttime="20220411 17:52:39.928" endtime="20220411 17:52:40.003"/>
</kw>
<status status="PASS" starttime="20220411 17:52:36.685" endtime="20220411 17:52:40.004"/>
</test>
<test id="s1-t6" name="Uncompleted items should not be visible in the completed filter" line="60">
<kw name="Open TodoMVC Page Using Chrome Browser" type="SETUP">
<kw name="Open Browser" library="SeleniumLibrary">
<arg>${MAIN_PAGE}</arg>
<arg>Chrome</arg>
<doc>Opens a new browser instance to the optional ``url``.</doc>
<msg timestamp="20220411 17:52:40.006" level="INFO">Opening browser 'Chrome' to base url 'https://todomvc.com/examples/react/#/'.</msg>
<status status="PASS" starttime="20220411 17:52:40.006" endtime="20220411 17:52:42.152"/>
</kw>
<kw name="Maximize Browser Window" library="SeleniumLibrary">
<doc>Maximizes current browser window.</doc>
<status status="PASS" starttime="20220411 17:52:42.153" endtime="20220411 17:52:42.303"/>
</kw>
<status status="PASS" starttime="20220411 17:52:40.005" endtime="20220411 17:52:42.303"/>
</kw>
<kw name="GIVEN a Todo list with items">
<arg>File taxes</arg>
<arg>Walk the dog</arg>
<kw name="I add a todo for">
<arg>${item1}</arg>
<kw name="Wait Until Element Is Enabled" library="SeleniumLibrary">
<arg>${TODO_INPUT_FIELD}</arg>
<doc>Waits until the element ``locator`` is enabled.</doc>
<status status="PASS" starttime="20220411 17:52:42.304" endtime="20220411 17:52:42.327"/>
</kw>
<kw name="Input Text" library="SeleniumLibrary">
<arg>${TODO_INPUT_FIELD}</arg>
<arg>${todo_item}</arg>
<doc>Types the given ``text`` into the text field identified by ``locator``.</doc>
<msg timestamp="20220411 17:52:42.328" level="INFO">Typing text 'File taxes' into text field '//input[@class='new-todo']'.</msg>
<status status="PASS" starttime="20220411 17:52:42.327" endtime="20220411 17:52:42.411"/>
</kw>
<kw name="Press Keys" library="SeleniumLibrary">
<arg>${TODO_INPUT_FIELD}</arg>
<arg>RETURN</arg>
<doc>Simulates the user pressing key(s) to an element or on the active browser.</doc>
<msg timestamp="20220411 17:52:42.412" level="INFO">Sending key(s) ('RETURN',) to //input[@class='new-todo'] element.</msg>
<msg timestamp="20220411 17:52:42.676" level="INFO">Pressing special key RETURN to element.</msg>
<msg timestamp="20220411 17:52:42.676" level="INFO">Releasing special key RETURN.</msg>
<status status="PASS" starttime="20220411 17:52:42.411" endtime="20220411 17:52:42.733"/>
</kw>
<status status="PASS" starttime="20220411 17:52:42.304" endtime="20220411 17:52:42.733"/>
</kw>
<kw name="I add a todo for">
<arg>${item2}</arg>
<kw name="Wait Until Element Is Enabled" library="SeleniumLibrary">
<arg>${TODO_INPUT_FIELD}</arg>
<doc>Waits until the element ``locator`` is enabled.</doc>
<status status="PASS" starttime="20220411 17:52:42.734" endtime="20220411 17:52:42.750"/>
</kw>
<kw name="Input Text" library="SeleniumLibrary">
<arg>${TODO_INPUT_FIELD}</arg>
<arg>${todo_item}</arg>
<doc>Types the given ``text`` into the text field identified by ``locator``.</doc>
<msg timestamp="20220411 17:52:42.750" level="INFO">Typing text 'Walk the dog' into text field '//input[@class='new-todo']'.</msg>
<status status="PASS" starttime="20220411 17:52:42.750" endtime="20220411 17:52:42.785"/>
</kw>
<kw name="Press Keys" library="SeleniumLibrary">
<arg>${TODO_INPUT_FIELD}</arg>
<arg>RETURN</arg>
<doc>Simulates the user pressing key(s) to an element or on the active browser.</doc>
<msg timestamp="20220411 17:52:42.786" level="INFO">Sending key(s) ('RETURN',) to //input[@class='new-todo'] element.</msg>
<msg timestamp="20220411 17:52:43.051" level="INFO">Pressing special key RETURN to element.</msg>
<msg timestamp="20220411 17:52:43.051" level="INFO">Releasing special key RETURN.</msg>
<status status="PASS" starttime="20220411 17:52:42.785" endtime="20220411 17:52:43.064"/>
</kw>
<status status="PASS" starttime="20220411 17:52:42.733" endtime="20220411 17:52:43.064"/>
</kw>
<status status="PASS" starttime="20220411 17:52:42.303" endtime="20220411 17:52:43.064"/>
</kw>
<kw name="AND The item is marked as complete">
<arg>File taxes</arg>
<kw name="Click Button" library="SeleniumLibrary">
<arg>//label[text()='${item}']//preceding-sibling::input[@type='checkbox']</arg>
<doc>Clicks the button identified by ``locator``.</doc>
<msg timestamp="20220411 17:52:43.066" level="INFO">Clicking button '//label[text()='File taxes']//preceding-sibling::input[@type='checkbox']'.</msg>
<status status="PASS" starttime="20220411 17:52:43.066" endtime="20220411 17:52:43.113"/>
</kw>
<kw name="Wait Until Page Contains Element" library="SeleniumLibrary">
<arg>//label[text()='${item}']//ancestor::li[contains(@class, 'completed')]</arg>
<doc>Waits until the element ``locator`` appears on the current page.</doc>
<status status="PASS" starttime="20220411 17:52:43.113" endtime="20220411 17:52:43.141"/>
</kw>
<status status="PASS" starttime="20220411 17:52:43.065" endtime="20220411 17:52:43.141"/>
</kw>
<kw name="WHEN The filter is set to">
<arg>Completed</arg>
<kw name="Click Link" library="SeleniumLibrary">
<arg>${FILTER_ELEMENT} [text()='${filter_name}']</arg>
<doc>Clicks a link identified by ``locator``.</doc>
<msg timestamp="20220411 17:52:43.142" level="INFO">Clicking link '//ul[@class='filters']/li/a [text()='Completed']'.</msg>
<status status="PASS" starttime="20220411 17:52:43.142" endtime="20220411 17:52:43.178"/>
</kw>
<kw name="Wait Until Page Contains Element" library="SeleniumLibrary">
<arg>${FILTER_ELEMENT} [text()='${filter_name}'][contains(@class, 'selected')]</arg>
<doc>Waits until the element ``locator`` appears on the current page.</doc>
<status status="PASS" starttime="20220411 17:52:43.178" endtime="20220411 17:52:43.193"/>
</kw>
<status status="PASS" starttime="20220411 17:52:43.141" endtime="20220411 17:52:43.194"/>
</kw>
<kw name="THEN The item is listed as completed">
<arg>File taxes</arg>
<kw name="Wait Until Page Contains Element" library="SeleniumLibrary">
<arg>//label[text()='${item}']//ancestor::li[contains(@class, 'completed')]</arg>
<doc>Waits until the element ``locator`` appears on the current page.</doc>
<status status="PASS" starttime="20220411 17:52:43.194" endtime="20220411 17:52:43.199"/>
</kw>
<status status="PASS" starttime="20220411 17:52:43.194" endtime="20220411 17:52:43.200"/>
</kw>
<kw name="AND The list summary is">
<arg>1 item left</arg>
<kw name="Wait Until Element Is Visible" library="SeleniumLibrary">
<arg>//footer//span[contains(., '${item_left}')]</arg>
<doc>Waits until the element ``locator`` is visible.</doc>
<status status="PASS" starttime="20220411 17:52:43.200" endtime="20220411 17:52:43.216"/>
</kw>
<status status="PASS" starttime="20220411 17:52:43.200" endtime="20220411 17:52:43.216"/>
</kw>
<kw name="AND Clear completed is available">
<kw name="Wait Until Element Is Visible" library="SeleniumLibrary">
<arg>//button[text()='Clear completed']</arg>
<doc>Waits until the element ``locator`` is visible.</doc>
<status status="PASS" starttime="20220411 17:52:43.217" endtime="20220411 17:52:43.232"/>
</kw>
<status status="PASS" starttime="20220411 17:52:43.216" endtime="20220411 17:52:43.232"/>
</kw>
<kw name="AND The route is">
<arg>/completed</arg>
<kw name="Location Should Contain" library="SeleniumLibrary">
<arg>${route}</arg>
<doc>Verifies that the current URL contains ``expected``.</doc>
<msg timestamp="20220411 17:52:43.236" level="INFO">Current location contains '/completed'.</msg>
<status status="PASS" starttime="20220411 17:52:43.233" endtime="20220411 17:52:43.236"/>
</kw>
<status status="PASS" starttime="20220411 17:52:43.233" endtime="20220411 17:52:43.237"/>
</kw>
<kw name="Close Browser" library="SeleniumLibrary" type="TEARDOWN">
<doc>Closes the current browser.</doc>
<status status="PASS" starttime="20220411 17:52:43.237" endtime="20220411 17:52:43.312"/>
</kw>
<status status="PASS" starttime="20220411 17:52:40.004" endtime="20220411 17:52:43.312"/>
</test>
<test id="s1-t7" name="Items can be cleared" line="69">
<kw name="Open TodoMVC Page Using Chrome Browser" type="SETUP">
<kw name="Open Browser" library="SeleniumLibrary">
<arg>${MAIN_PAGE}</arg>
<arg>Chrome</arg>
<doc>Opens a new browser instance to the optional ``url``.</doc>
<msg timestamp="20220411 17:52:43.314" level="INFO">Opening browser 'Chrome' to base url 'https://todomvc.com/examples/react/#/'.</msg>
<status status="PASS" starttime="20220411 17:52:43.313" endtime="20220411 17:52:45.423"/>
</kw>
<kw name="Maximize Browser Window" library="SeleniumLibrary">
<doc>Maximizes current browser window.</doc>
<status status="PASS" starttime="20220411 17:52:45.423" endtime="20220411 17:52:45.574"/>
</kw>
<status status="PASS" starttime="20220411 17:52:43.313" endtime="20220411 17:52:45.574"/>
</kw>
<kw name="GIVEN a Todo list with items">
<arg>File taxes</arg>
<arg>Walk the dog</arg>
<kw name="I add a todo for">
<arg>${item1}</arg>
<kw name="Wait Until Element Is Enabled" library="SeleniumLibrary">
<arg>${TODO_INPUT_FIELD}</arg>
<doc>Waits until the element ``locator`` is enabled.</doc>
<status status="PASS" starttime="20220411 17:52:45.575" endtime="20220411 17:52:45.600"/>
</kw>
<kw name="Input Text" library="SeleniumLibrary">
<arg>${TODO_INPUT_FIELD}</arg>
<arg>${todo_item}</arg>
<doc>Types the given ``text`` into the text field identified by ``locator``.</doc>
<msg timestamp="20220411 17:52:45.600" level="INFO">Typing text 'File taxes' into text field '//input[@class='new-todo']'.</msg>
<status status="PASS" starttime="20220411 17:52:45.600" endtime="20220411 17:52:45.684"/>
</kw>
<kw name="Press Keys" library="SeleniumLibrary">
<arg>${TODO_INPUT_FIELD}</arg>
<arg>RETURN</arg>
<doc>Simulates the user pressing key(s) to an element or on the active browser.</doc>
<msg timestamp="20220411 17:52:45.685" level="INFO">Sending key(s) ('RETURN',) to //input[@class='new-todo'] element.</msg>
<msg timestamp="20220411 17:52:45.951" level="INFO">Pressing special key RETURN to element.</msg>
<msg timestamp="20220411 17:52:45.951" level="INFO">Releasing special key RETURN.</msg>
<status status="PASS" starttime="20220411 17:52:45.685" endtime="20220411 17:52:46.012"/>
</kw>
<status status="PASS" starttime="20220411 17:52:45.575" endtime="20220411 17:52:46.012"/>
</kw>
<kw name="I add a todo for">
<arg>${item2}</arg>
<kw name="Wait Until Element Is Enabled" library="SeleniumLibrary">
<arg>${TODO_INPUT_FIELD}</arg>
<doc>Waits until the element ``locator`` is enabled.</doc>
<status status="PASS" starttime="20220411 17:52:46.012" endtime="20220411 17:52:46.029"/>
</kw>
<kw name="Input Text" library="SeleniumLibrary">
<arg>${TODO_INPUT_FIELD}</arg>
<arg>${todo_item}</arg>
<doc>Types the given ``text`` into the text field identified by ``locator``.</doc>
<msg timestamp="20220411 17:52:46.029" level="INFO">Typing text 'Walk the dog' into text field '//input[@class='new-todo']'.</msg>
<status status="PASS" starttime="20220411 17:52:46.029" endtime="20220411 17:52:46.064"/>
</kw>
<kw name="Press Keys" library="SeleniumLibrary">
<arg>${TODO_INPUT_FIELD}</arg>
<arg>RETURN</arg>
<doc>Simulates the user pressing key(s) to an element or on the active browser.</doc>
<msg timestamp="20220411 17:52:46.064" level="INFO">Sending key(s) ('RETURN',) to //input[@class='new-todo'] element.</msg>
<msg timestamp="20220411 17:52:46.330" level="INFO">Pressing special key RETURN to element.</msg>
<msg timestamp="20220411 17:52:46.330" level="INFO">Releasing special key RETURN.</msg>
<status status="PASS" starttime="20220411 17:52:46.064" endtime="20220411 17:52:46.344"/>
</kw>
<status status="PASS" starttime="20220411 17:52:46.012" endtime="20220411 17:52:46.344"/>
</kw>
<status status="PASS" starttime="20220411 17:52:45.575" endtime="20220411 17:52:46.344"/>
</kw>
<kw name="AND The item is marked as complete">
<arg>File taxes</arg>
<kw name="Click Button" library="SeleniumLibrary">
<arg>//label[text()='${item}']//preceding-sibling::input[@type='checkbox']</arg>
<doc>Clicks the button identified by ``locator``.</doc>
<msg timestamp="20220411 17:52:46.346" level="INFO">Clicking button '//label[text()='File taxes']//preceding-sibling::input[@type='checkbox']'.</msg>
<status status="PASS" starttime="20220411 17:52:46.345" endtime="20220411 17:52:46.417"/>
</kw>
<kw name="Wait Until Page Contains Element" library="SeleniumLibrary">
<arg>//label[text()='${item}']//ancestor::li[contains(@class, 'completed')]</arg>
<doc>Waits until the element ``locator`` appears on the current page.</doc>
<status status="PASS" starttime="20220411 17:52:46.417" endtime="20220411 17:52:46.427"/>
</kw>
<status status="PASS" starttime="20220411 17:52:46.345" endtime="20220411 17:52:46.427"/>
</kw>
<kw name="WHEN Clear completed is clicked">
<kw name="Click Button" library="SeleniumLibrary">
<arg>//button[@class='clear-completed']</arg>
<doc>Clicks the button identified by ``locator``.</doc>
<msg timestamp="20220411 17:52:46.428" level="INFO">Clicking button '//button[@class='clear-completed']'.</msg>
<status status="PASS" starttime="20220411 17:52:46.427" endtime="20220411 17:52:46.465"/>
</kw>
<status status="PASS" starttime="20220411 17:52:46.427" endtime="20220411 17:52:46.465"/>
</kw>
<kw name="THEN The item is listed as active">
<arg>Walk the dog</arg>
<kw name="Wait Until Page Contains Element" library="SeleniumLibrary">
<arg>//label[text()='${item}']//ancestor::li[contains(@class, '')]</arg>
<doc>Waits until the element ``locator`` appears on the current page.</doc>
<status status="PASS" starttime="20220411 17:52:46.466" endtime="20220411 17:52:46.474"/>
</kw>
<status status="PASS" starttime="20220411 17:52:46.466" endtime="20220411 17:52:46.474"/>
</kw>
<kw name="AND The list summary is">
<arg>1 item left</arg>
<kw name="Wait Until Element Is Visible" library="SeleniumLibrary">
<arg>//footer//span[contains(., '${item_left}')]</arg>
<doc>Waits until the element ``locator`` is visible.</doc>
<status status="PASS" starttime="20220411 17:52:46.475" endtime="20220411 17:52:46.490"/>
</kw>
<status status="PASS" starttime="20220411 17:52:46.474" endtime="20220411 17:52:46.490"/>
</kw>
<kw name="Close Browser" library="SeleniumLibrary" type="TEARDOWN">
<doc>Closes the current browser.</doc>
<status status="PASS" starttime="20220411 17:52:46.490" endtime="20220411 17:52:46.566"/>
</kw>
<status status="PASS" starttime="20220411 17:52:43.313" endtime="20220411 17:52:46.566"/>
</test>
<test id="s1-t8" name="Clear all works when none completed" line="76">
<kw name="Open TodoMVC Page Using Chrome Browser" type="SETUP">
<kw name="Open Browser" library="SeleniumLibrary">
<arg>${MAIN_PAGE}</arg>
<arg>Chrome</arg>
<doc>Opens a new browser instance to the optional ``url``.</doc>
<msg timestamp="20220411 17:52:46.569" level="INFO">Opening browser 'Chrome' to base url 'https://todomvc.com/examples/react/#/'.</msg>
<status status="PASS" starttime="20220411 17:52:46.568" endtime="20220411 17:52:48.692"/>
</kw>
<kw name="Maximize Browser Window" library="SeleniumLibrary">
<doc>Maximizes current browser window.</doc>
<status status="PASS" starttime="20220411 17:52:48.693" endtime="20220411 17:52:48.847"/>
</kw>
<status status="PASS" starttime="20220411 17:52:46.568" endtime="20220411 17:52:48.848"/>
</kw>
<kw name="GIVEN a Todo list with items">
<arg>File taxes</arg>
<arg>Walk the dog</arg>
<kw name="I add a todo for">
<arg>${item1}</arg>
<kw name="Wait Until Element Is Enabled" library="SeleniumLibrary">
<arg>${TODO_INPUT_FIELD}</arg>
<doc>Waits until the element ``locator`` is enabled.</doc>
<status status="PASS" starttime="20220411 17:52:48.849" endtime="20220411 17:52:48.871"/>
</kw>
<kw name="Input Text" library="SeleniumLibrary">
<arg>${TODO_INPUT_FIELD}</arg>
<arg>${todo_item}</arg>
<doc>Types the given ``text`` into the text field identified by ``locator``.</doc>
<msg timestamp="20220411 17:52:48.872" level="INFO">Typing text 'File taxes' into text field '//input[@class='new-todo']'.</msg>
<status status="PASS" starttime="20220411 17:52:48.872" endtime="20220411 17:52:48.956"/>
</kw>
<kw name="Press Keys" library="SeleniumLibrary">
<arg>${TODO_INPUT_FIELD}</arg>
<arg>RETURN</arg>
<doc>Simulates the user pressing key(s) to an element or on the active browser.</doc>
<msg timestamp="20220411 17:52:48.957" level="INFO">Sending key(s) ('RETURN',) to //input[@class='new-todo'] element.</msg>
<msg timestamp="20220411 17:52:49.227" level="INFO">Pressing special key RETURN to element.</msg>
<msg timestamp="20220411 17:52:49.227" level="INFO">Releasing special key RETURN.</msg>
<status status="PASS" starttime="20220411 17:52:48.956" endtime="20220411 17:52:49.290"/>
</kw>
<status status="PASS" starttime="20220411 17:52:48.848" endtime="20220411 17:52:49.291"/>
</kw>
<kw name="I add a todo for">
<arg>${item2}</arg>
<kw name="Wait Until Element Is Enabled" library="SeleniumLibrary">
<arg>${TODO_INPUT_FIELD}</arg>
<doc>Waits until the element ``locator`` is enabled.</doc>
<status status="PASS" starttime="20220411 17:52:49.291" endtime="20220411 17:52:49.306"/>
</kw>
<kw name="Input Text" library="SeleniumLibrary">
<arg>${TODO_INPUT_FIELD}</arg>
<arg>${todo_item}</arg>
<doc>Types the given ``text`` into the text field identified by ``locator``.</doc>
<msg timestamp="20220411 17:52:49.307" level="INFO">Typing text 'Walk the dog' into text field '//input[@class='new-todo']'.</msg>
<status status="PASS" starttime="20220411 17:52:49.306" endtime="20220411 17:52:49.342"/>
</kw>
<kw name="Press Keys" library="SeleniumLibrary">
<arg>${TODO_INPUT_FIELD}</arg>
<arg>RETURN</arg>
<doc>Simulates the user pressing key(s) to an element or on the active browser.</doc>
<msg timestamp="20220411 17:52:49.343" level="INFO">Sending key(s) ('RETURN',) to //input[@class='new-todo'] element.</msg>
<msg timestamp="20220411 17:52:49.609" level="INFO">Pressing special key RETURN to element.</msg>
<msg timestamp="20220411 17:52:49.609" level="INFO">Releasing special key RETURN.</msg>
<status status="PASS" starttime="20220411 17:52:49.342" endtime="20220411 17:52:49.622"/>
</kw>
<status status="PASS" starttime="20220411 17:52:49.291" endtime="20220411 17:52:49.623"/>
</kw>
<status status="PASS" starttime="20220411 17:52:48.848" endtime="20220411 17:52:49.623"/>
</kw>
<kw name="WHEN The clear all items affordance is toggled">
<kw name="Click Element" library="SeleniumLibrary">
<arg>//input[@id='toggle-all']//following-sibling::label</arg>
<doc>Click the element identified by ``locator``.</doc>
<msg timestamp="20220411 17:52:49.624" level="INFO">Clicking element '//input[@id='toggle-all']//following-sibling::label'.</msg>
<status status="PASS" starttime="20220411 17:52:49.624" endtime="20220411 17:52:49.664"/>
</kw>
<status status="PASS" starttime="20220411 17:52:49.623" endtime="20220411 17:52:49.664"/>
</kw>
<kw name="THEN The item is listed as completed">
<arg>File taxes</arg>
<kw name="Wait Until Page Contains Element" library="SeleniumLibrary">
<arg>//label[text()='${item}']//ancestor::li[contains(@class, 'completed')]</arg>
<doc>Waits until the element ``locator`` appears on the current page.</doc>
<status status="PASS" starttime="20220411 17:52:49.664" endtime="20220411 17:52:49.692"/>
</kw>
<status status="PASS" starttime="20220411 17:52:49.664" endtime="20220411 17:52:49.692"/>
</kw>
<kw name="AND The item is listed as completed">
<arg>Walk the dog</arg>
<kw name="Wait Until Page Contains Element" library="SeleniumLibrary">
<arg>//label[text()='${item}']//ancestor::li[contains(@class, 'completed')]</arg>
<doc>Waits until the element ``locator`` appears on the current page.</doc>
<status status="PASS" starttime="20220411 17:52:49.693" endtime="20220411 17:52:49.700"/>
</kw>
<status status="PASS" starttime="20220411 17:52:49.692" endtime="20220411 17:52:49.701"/>
</kw>
<kw name="BUT Nothing listed is active">
<kw name="Wait Until Element Is Not Visible" library="SeleniumLibrary">
<arg>//ul[@class='todo-list']/li[@class='']</arg>
<doc>Waits until the element ``locator`` is not visible.</doc>
<status status="PASS" starttime="20220411 17:52:49.701" endtime="20220411 17:52:49.708"/>
</kw>
<status status="PASS" starttime="20220411 17:52:49.701" endtime="20220411 17:52:49.708"/>
</kw>
<kw name="AND The list summary is">
<arg>0 items left</arg>
<kw name="Wait Until Element Is Visible" library="SeleniumLibrary">
<arg>//footer//span[contains(., '${item_left}')]</arg>
<doc>Waits until the element ``locator`` is visible.</doc>
<status status="PASS" starttime="20220411 17:52:49.709" endtime="20220411 17:52:49.723"/>
</kw>
<status status="PASS" starttime="20220411 17:52:49.708" endtime="20220411 17:52:49.723"/>
</kw>
<kw name="Close Browser" library="SeleniumLibrary" type="TEARDOWN">
<doc>Closes the current browser.</doc>
<status status="PASS" starttime="20220411 17:52:49.724" endtime="20220411 17:52:49.800"/>
</kw>
<status status="PASS" starttime="20220411 17:52:46.567" endtime="20220411 17:52:49.801"/>
</test>
<test id="s1-t9" name="Clear all works when one of two completed" line="84">
<kw name="Open TodoMVC Page Using Chrome Browser" type="SETUP">
<kw name="Open Browser" library="SeleniumLibrary">
<arg>${MAIN_PAGE}</arg>
<arg>Chrome</arg>
<doc>Opens a new browser instance to the optional ``url``.</doc>
<msg timestamp="20220411 17:52:49.803" level="INFO">Opening browser 'Chrome' to base url 'https://todomvc.com/examples/react/#/'.</msg>
<status status="PASS" starttime="20220411 17:52:49.802" endtime="20220411 17:52:51.936"/>
</kw>
<kw name="Maximize Browser Window" library="SeleniumLibrary">
<doc>Maximizes current browser window.</doc>
<status status="PASS" starttime="20220411 17:52:51.936" endtime="20220411 17:52:52.045"/>
</kw>
<status status="PASS" starttime="20220411 17:52:49.802" endtime="20220411 17:52:52.045"/>
</kw>
<kw name="GIVEN a Todo list with items">
<arg>File taxes</arg>
<arg>Walk the dog</arg>
<kw name="I add a todo for">
<arg>${item1}</arg>
<kw name="Wait Until Element Is Enabled" library="SeleniumLibrary">
<arg>${TODO_INPUT_FIELD}</arg>
<doc>Waits until the element ``locator`` is enabled.</doc>
<status status="PASS" starttime="20220411 17:52:52.047" endtime="20220411 17:52:52.108"/>
</kw>
<kw name="Input Text" library="SeleniumLibrary">
<arg>${TODO_INPUT_FIELD}</arg>
<arg>${todo_item}</arg>
<doc>Types the given ``text`` into the text field identified by ``locator``.</doc>
<msg timestamp="20220411 17:52:52.108" level="INFO">Typing text 'File taxes' into text field '//input[@class='new-todo']'.</msg>
<status status="PASS" starttime="20220411 17:52:52.108" endtime="20220411 17:52:52.193"/>
</kw>
<kw name="Press Keys" library="SeleniumLibrary">
<arg>${TODO_INPUT_FIELD}</arg>
<arg>RETURN</arg>
<doc>Simulates the user pressing key(s) to an element or on the active browser.</doc>
<msg timestamp="20220411 17:52:52.194" level="INFO">Sending key(s) ('RETURN',) to //input[@class='new-todo'] element.</msg>
<msg timestamp="20220411 17:52:52.468" level="INFO">Pressing special key RETURN to element.</msg>
<msg timestamp="20220411 17:52:52.468" level="INFO">Releasing special key RETURN.</msg>
<status status="PASS" starttime="20220411 17:52:52.193" endtime="20220411 17:52:52.533"/>
</kw>
<status status="PASS" starttime="20220411 17:52:52.046" endtime="20220411 17:52:52.533"/>
</kw>
<kw name="I add a todo for">
<arg>${item2}</arg>
<kw name="Wait Until Element Is Enabled" library="SeleniumLibrary">
<arg>${TODO_INPUT_FIELD}</arg>
<doc>Waits until the element ``locator`` is enabled.</doc>
<status status="PASS" starttime="20220411 17:52:52.534" endtime="20220411 17:52:52.550"/>
</kw>
<kw name="Input Text" library="SeleniumLibrary">
<arg>${TODO_INPUT_FIELD}</arg>
<arg>${todo_item}</arg>
<doc>Types the given ``text`` into the text field identified by ``locator``.</doc>
<msg timestamp="20220411 17:52:52.550" level="INFO">Typing text 'Walk the dog' into text field '//input[@class='new-todo']'.</msg>
<status status="PASS" starttime="20220411 17:52:52.550" endtime="20220411 17:52:52.586"/>
</kw>
<kw name="Press Keys" library="SeleniumLibrary">
<arg>${TODO_INPUT_FIELD}</arg>
<arg>RETURN</arg>
<doc>Simulates the user pressing key(s) to an element or on the active browser.</doc>
<msg timestamp="20220411 17:52:52.587" level="INFO">Sending key(s) ('RETURN',) to //input[@class='new-todo'] element.</msg>
<msg timestamp="20220411 17:52:52.854" level="INFO">Pressing special key RETURN to element.</msg>
<msg timestamp="20220411 17:52:52.854" level="INFO">Releasing special key RETURN.</msg>
<status status="PASS" starttime="20220411 17:52:52.586" endtime="20220411 17:52:52.867"/>
</kw>
<status status="PASS" starttime="20220411 17:52:52.533" endtime="20220411 17:52:52.867"/>
</kw>
<status status="PASS" starttime="20220411 17:52:52.046" endtime="20220411 17:52:52.867"/>
</kw>
<kw name="AND The item is marked as complete">
<arg>File taxes</arg>
<kw name="Click Button" library="SeleniumLibrary">
<arg>//label[text()='${item}']//preceding-sibling::input[@type='checkbox']</arg>
<doc>Clicks the button identified by ``locator``.</doc>
<msg timestamp="20220411 17:52:52.869" level="INFO">Clicking button '//label[text()='File taxes']//preceding-sibling::input[@type='checkbox']'.</msg>
<status status="PASS" starttime="20220411 17:52:52.868" endtime="20220411 17:52:52.938"/>
</kw>
<kw name="Wait Until Page Contains Element" library="SeleniumLibrary">
<arg>//label[text()='${item}']//ancestor::li[contains(@class, 'completed')]</arg>
<doc>Waits until the element ``locator`` appears on the current page.</doc>
<status status="PASS" starttime="20220411 17:52:52.938" endtime="20220411 17:52:52.948"/>
</kw>
<status status="PASS" starttime="20220411 17:52:52.868" endtime="20220411 17:52:52.948"/>
</kw>
<kw name="WHEN The clear all items affordance is toggled">
<kw name="Click Element" library="SeleniumLibrary">
<arg>//input[@id='toggle-all']//following-sibling::label</arg>
<doc>Click the element identified by ``locator``.</doc>
<msg timestamp="20220411 17:52:52.949" level="INFO">Clicking element '//input[@id='toggle-all']//following-sibling::label'.</msg>
<status status="PASS" starttime="20220411 17:52:52.949" endtime="20220411 17:52:52.976"/>
</kw>
<status status="PASS" starttime="20220411 17:52:52.948" endtime="20220411 17:52:52.976"/>
</kw>
<kw name="THEN The item is listed as completed">
<arg>File taxes</arg>
<kw name="Wait Until Page Contains Element" library="SeleniumLibrary">
<arg>//label[text()='${item}']//ancestor::li[contains(@class, 'completed')]</arg>
<doc>Waits until the element ``locator`` appears on the current page.</doc>
<status status="PASS" starttime="20220411 17:52:52.977" endtime="20220411 17:52:52.982"/>
</kw>
<status status="PASS" starttime="20220411 17:52:52.977" endtime="20220411 17:52:52.982"/>
</kw>
<kw name="AND The item is listed as completed">
<arg>Walk the dog</arg>
<kw name="Wait Until Page Contains Element" library="SeleniumLibrary">
<arg>//label[text()='${item}']//ancestor::li[contains(@class, 'completed')]</arg>
<doc>Waits until the element ``locator`` appears on the current page.</doc>
<status status="PASS" starttime="20220411 17:52:52.982" endtime="20220411 17:52:52.990"/>
</kw>
<status status="PASS" starttime="20220411 17:52:52.982" endtime="20220411 17:52:52.990"/>
</kw>
<kw name="BUT Nothing listed is active">
<kw name="Wait Until Element Is Not Visible" library="SeleniumLibrary">
<arg>//ul[@class='todo-list']/li[@class='']</arg>
<doc>Waits until the element ``locator`` is not visible.</doc>
<status status="PASS" starttime="20220411 17:52:52.990" endtime="20220411 17:52:52.998"/>
</kw>
<status status="PASS" starttime="20220411 17:52:52.990" endtime="20220411 17:52:52.998"/>
</kw>
<kw name="AND The list summary is">
<arg>0 items left</arg>
<kw name="Wait Until Element Is Visible" library="SeleniumLibrary">
<arg>//footer//span[contains(., '${item_left}')]</arg>
<doc>Waits until the element ``locator`` is visible.</doc>
<status status="PASS" starttime="20220411 17:52:52.999" endtime="20220411 17:52:53.014"/>
</kw>
<status status="PASS" starttime="20220411 17:52:52.999" endtime="20220411 17:52:53.015"/>
</kw>
<kw name="Close Browser" library="SeleniumLibrary" type="TEARDOWN">
<doc>Closes the current browser.</doc>
<status status="PASS" starttime="20220411 17:52:53.015" endtime="20220411 17:52:53.091"/>
</kw>
<status status="PASS" starttime="20220411 17:52:49.801" endtime="20220411 17:52:53.091"/>
</test>
<test id="s1-t10" name="Clear all un-clears when two of two completed" line="93">
<kw name="Open TodoMVC Page Using Chrome Browser" type="SETUP">
<kw name="Open Browser" library="SeleniumLibrary">
<arg>${MAIN_PAGE}</arg>
<arg>Chrome</arg>
<doc>Opens a new browser instance to the optional ``url``.</doc>
<msg timestamp="20220411 17:52:53.094" level="INFO">Opening browser 'Chrome' to base url 'https://todomvc.com/examples/react/#/'.</msg>
<status status="PASS" starttime="20220411 17:52:53.094" endtime="20220411 17:52:55.240"/>
</kw>
<kw name="Maximize Browser Window" library="SeleniumLibrary">
<doc>Maximizes current browser window.</doc>
<status status="PASS" starttime="20220411 17:52:55.240" endtime="20220411 17:52:55.349"/>
</kw>
<status status="PASS" starttime="20220411 17:52:53.093" endtime="20220411 17:52:55.349"/>
</kw>
<kw name="GIVEN a Todo list with items">
<arg>File taxes</arg>
<arg>Walk the dog</arg>
<kw name="I add a todo for">
<arg>${item1}</arg>
<kw name="Wait Until Element Is Enabled" library="SeleniumLibrary">
<arg>${TODO_INPUT_FIELD}</arg>
<doc>Waits until the element ``locator`` is enabled.</doc>
<status status="PASS" starttime="20220411 17:52:55.350" endtime="20220411 17:52:55.408"/>
</kw>
<kw name="Input Text" library="SeleniumLibrary">
<arg>${TODO_INPUT_FIELD}</arg>
<arg>${todo_item}</arg>
<doc>Types the given ``text`` into the text field identified by ``locator``.</doc>
<msg timestamp="20220411 17:52:55.408" level="INFO">Typing text 'File taxes' into text field '//input[@class='new-todo']'.</msg>
<status status="PASS" starttime="20220411 17:52:55.408" endtime="20220411 17:52:55.495"/>
</kw>
<kw name="Press Keys" library="SeleniumLibrary">
<arg>${TODO_INPUT_FIELD}</arg>
<arg>RETURN</arg>
<doc>Simulates the user pressing key(s) to an element or on the active browser.</doc>
<msg timestamp="20220411 17:52:55.496" level="INFO">Sending key(s) ('RETURN',) to //input[@class='new-todo'] element.</msg>
<msg timestamp="20220411 17:52:55.765" level="INFO">Pressing special key RETURN to element.</msg>
<msg timestamp="20220411 17:52:55.766" level="INFO">Releasing special key RETURN.</msg>
<status status="PASS" starttime="20220411 17:52:55.496" endtime="20220411 17:52:55.831"/>
</kw>
<status status="PASS" starttime="20220411 17:52:55.350" endtime="20220411 17:52:55.831"/>
</kw>
<kw name="I add a todo for">
<arg>${item2}</arg>
<kw name="Wait Until Element Is Enabled" library="SeleniumLibrary">
<arg>${TODO_INPUT_FIELD}</arg>
<doc>Waits until the element ``locator`` is enabled.</doc>
<status status="PASS" starttime="20220411 17:52:55.832" endtime="20220411 17:52:55.847"/>
</kw>
<kw name="Input Text" library="SeleniumLibrary">
<arg>${TODO_INPUT_FIELD}</arg>
<arg>${todo_item}</arg>
<doc>Types the given ``text`` into the text field identified by ``locator``.</doc>
<msg timestamp="20220411 17:52:55.848" level="INFO">Typing text 'Walk the dog' into text field '//input[@class='new-todo']'.</msg>
<status status="PASS" starttime="20220411 17:52:55.847" endtime="20220411 17:52:55.890"/>
</kw>
<kw name="Press Keys" library="SeleniumLibrary">
<arg>${TODO_INPUT_FIELD}</arg>
<arg>RETURN</arg>
<doc>Simulates the user pressing key(s) to an element or on the active browser.</doc>
<msg timestamp="20220411 17:52:55.891" level="INFO">Sending key(s) ('RETURN',) to //input[@class='new-todo'] element.</msg>
<msg timestamp="20220411 17:52:56.160" level="INFO">Pressing special key RETURN to element.</msg>
<msg timestamp="20220411 17:52:56.160" level="INFO">Releasing special key RETURN.</msg>
<status status="PASS" starttime="20220411 17:52:55.890" endtime="20220411 17:52:56.174"/>
</kw>
<status status="PASS" starttime="20220411 17:52:55.831" endtime="20220411 17:52:56.174"/>
</kw>
<status status="PASS" starttime="20220411 17:52:55.349" endtime="20220411 17:52:56.174"/>
</kw>
<kw name="AND The item is marked as complete">
<arg>File taxes</arg>
<kw name="Click Button" library="SeleniumLibrary">
<arg>//label[text()='${item}']//preceding-sibling::input[@type='checkbox']</arg>
<doc>Clicks the button identified by ``locator``.</doc>
<msg timestamp="20220411 17:52:56.176" level="INFO">Clicking button '//label[text()='File taxes']//preceding-sibling::input[@type='checkbox']'.</msg>
<status status="PASS" starttime="20220411 17:52:56.176" endtime="20220411 17:52:56.227"/>
</kw>
<kw name="Wait Until Page Contains Element" library="SeleniumLibrary">
<arg>//label[text()='${item}']//ancestor::li[contains(@class, 'completed')]</arg>
<doc>Waits until the element ``locator`` appears on the current page.</doc>
<status status="PASS" starttime="20220411 17:52:56.227" endtime="20220411 17:52:56.256"/>
</kw>
<status status="PASS" starttime="20220411 17:52:56.175" endtime="20220411 17:52:56.256"/>
</kw>
<kw name="AND The item is marked as complete">
<arg>Walk the dog</arg>
<kw name="Click Button" library="SeleniumLibrary">
<arg>//label[text()='${item}']//preceding-sibling::input[@type='checkbox']</arg>
<doc>Clicks the button identified by ``locator``.</doc>
<msg timestamp="20220411 17:52:56.256" level="INFO">Clicking button '//label[text()='Walk the dog']//preceding-sibling::input[@type='checkbox']'.</msg>
<status status="PASS" starttime="20220411 17:52:56.256" endtime="20220411 17:52:56.292"/>
</kw>
<kw name="Wait Until Page Contains Element" library="SeleniumLibrary">
<arg>//label[text()='${item}']//ancestor::li[contains(@class, 'completed')]</arg>
<doc>Waits until the element ``locator`` appears on the current page.</doc>
<status status="PASS" starttime="20220411 17:52:56.292" endtime="20220411 17:52:56.300"/>
</kw>
<status status="PASS" starttime="20220411 17:52:56.256" endtime="20220411 17:52:56.300"/>
</kw>
<kw name="WHEN The clear all items affordance is toggled">
<kw name="Click Element" library="SeleniumLibrary">
<arg>//input[@id='toggle-all']//following-sibling::label</arg>
<doc>Click the element identified by ``locator``.</doc>
<msg timestamp="20220411 17:52:56.301" level="INFO">Clicking element '//input[@id='toggle-all']//following-sibling::label'.</msg>
<status status="PASS" starttime="20220411 17:52:56.300" endtime="20220411 17:52:56.329"/>
</kw>
<status status="PASS" starttime="20220411 17:52:56.300" endtime="20220411 17:52:56.329"/>
</kw>
<kw name="THEN The item is listed as active">
<arg>File taxes</arg>
<kw name="Wait Until Page Contains Element" library="SeleniumLibrary">
<arg>//label[text()='${item}']//ancestor::li[contains(@class, '')]</arg>
<doc>Waits until the element ``locator`` appears on the current page.</doc>
<status status="PASS" starttime="20220411 17:52:56.330" endtime="20220411 17:52:56.337"/>
</kw>
<status status="PASS" starttime="20220411 17:52:56.329" endtime="20220411 17:52:56.337"/>
</kw>
<kw name="AND The item is listed as active">
<arg>Walk the dog</arg>
<kw name="Wait Until Page Contains Element" library="SeleniumLibrary">
<arg>//label[text()='${item}']//ancestor::li[contains(@class, '')]</arg>
<doc>Waits until the element ``locator`` appears on the current page.</doc>
<status status="PASS" starttime="20220411 17:52:56.338" endtime="20220411 17:52:56.345"/>
</kw>
<status status="PASS" starttime="20220411 17:52:56.337" endtime="20220411 17:52:56.345"/>
</kw>
<kw name="AND The list summary is">
<arg>2 items left</arg>
<kw name="Wait Until Element Is Visible" library="SeleniumLibrary">
<arg>//footer//span[contains(., '${item_left}')]</arg>
<doc>Waits until the element ``locator`` is visible.</doc>
<status status="PASS" starttime="20220411 17:52:56.346" endtime="20220411 17:52:56.361"/>
</kw>
<status status="PASS" starttime="20220411 17:52:56.346" endtime="20220411 17:52:56.361"/>
</kw>
<kw name="Close Browser" library="SeleniumLibrary" type="TEARDOWN">
<doc>Closes the current browser.</doc>
<status status="PASS" starttime="20220411 17:52:56.362" endtime="20220411 17:52:56.439"/>
</kw>
<status status="PASS" starttime="20220411 17:52:53.092" endtime="20220411 17:52:56.440"/>
</test>
<test id="s1-t11" name="Items can be straight removed" line="102">
<kw name="Open TodoMVC Page Using Chrome Browser" type="SETUP">
<kw name="Open Browser" library="SeleniumLibrary">
<arg>${MAIN_PAGE}</arg>
<arg>Chrome</arg>
<doc>Opens a new browser instance to the optional ``url``.</doc>
<msg timestamp="20220411 17:52:56.442" level="INFO">Opening browser 'Chrome' to base url 'https://todomvc.com/examples/react/#/'.</msg>
<status status="PASS" starttime="20220411 17:52:56.441" endtime="20220411 17:52:58.736"/>
</kw>
<kw name="Maximize Browser Window" library="SeleniumLibrary">
<doc>Maximizes current browser window.</doc>
<status status="PASS" starttime="20220411 17:52:58.736" endtime="20220411 17:52:59.011"/>
</kw>
<status status="PASS" starttime="20220411 17:52:56.441" endtime="20220411 17:52:59.012"/>
</kw>
<kw name="GIVEN I add a todo for">
<arg>File taxes</arg>
<kw name="Wait Until Element Is Enabled" library="SeleniumLibrary">
<arg>${TODO_INPUT_FIELD}</arg>
<doc>Waits until the element ``locator`` is enabled.</doc>
<status status="PASS" starttime="20220411 17:52:59.013" endtime="20220411 17:52:59.039"/>
</kw>
<kw name="Input Text" library="SeleniumLibrary">
<arg>${TODO_INPUT_FIELD}</arg>
<arg>${todo_item}</arg>
<doc>Types the given ``text`` into the text field identified by ``locator``.</doc>
<msg timestamp="20220411 17:52:59.039" level="INFO">Typing text 'File taxes' into text field '//input[@class='new-todo']'.</msg>
<status status="PASS" starttime="20220411 17:52:59.039" endtime="20220411 17:52:59.123"/>
</kw>
<kw name="Press Keys" library="SeleniumLibrary">
<arg>${TODO_INPUT_FIELD}</arg>
<arg>RETURN</arg>
<doc>Simulates the user pressing key(s) to an element or on the active browser.</doc>
<msg timestamp="20220411 17:52:59.124" level="INFO">Sending key(s) ('RETURN',) to //input[@class='new-todo'] element.</msg>
<msg timestamp="20220411 17:52:59.392" level="INFO">Pressing special key RETURN to element.</msg>
<msg timestamp="20220411 17:52:59.392" level="INFO">Releasing special key RETURN.</msg>
<status status="PASS" starttime="20220411 17:52:59.123" endtime="20220411 17:52:59.456"/>
</kw>
<status status="PASS" starttime="20220411 17:52:59.012" endtime="20220411 17:52:59.457"/>
</kw>
<kw name="WHEN The item is removed">
<arg>File taxes</arg>
<kw name="Mouse Over" library="SeleniumLibrary">
<arg>//label[text()='${item}']//ancestor::li</arg>
<doc>Simulates hovering the mouse over the element ``locator``.</doc>
<msg timestamp="20220411 17:52:59.458" level="INFO">Simulating Mouse Over on element '//label[text()='File taxes']//ancestor::li'.</msg>
<status status="PASS" starttime="20220411 17:52:59.457" endtime="20220411 17:52:59.727"/>
</kw>
<kw name="Click Button" library="SeleniumLibrary">
<arg>//label[text()='${item}']//ancestor::li//button[@class='destroy']</arg>
<doc>Clicks the button identified by ``locator``.</doc>
<msg timestamp="20220411 17:52:59.728" level="INFO">Clicking button '//label[text()='File taxes']//ancestor::li//button[@class='destroy']'.</msg>
<status status="PASS" starttime="20220411 17:52:59.727" endtime="20220411 17:52:59.800"/>
</kw>
<status status="PASS" starttime="20220411 17:52:59.457" endtime="20220411 17:52:59.801"/>
</kw>
<kw name="THEN Nothing is listed">
<kw name="Wait Until Element Is Not Visible" library="SeleniumLibrary">
<arg>//ul[@class='todo-list']</arg>
<doc>Waits until the element ``locator`` is not visible.</doc>
<status status="PASS" starttime="20220411 17:52:59.801" endtime="20220411 17:52:59.810"/>
</kw>
<status status="PASS" starttime="20220411 17:52:59.801" endtime="20220411 17:52:59.810"/>
</kw>
<kw name="Close Browser" library="SeleniumLibrary" type="TEARDOWN">
<doc>Closes the current browser.</doc>
<status status="PASS" starttime="20220411 17:52:59.810" endtime="20220411 17:52:59.889"/>
</kw>
<status status="PASS" starttime="20220411 17:52:56.440" endtime="20220411 17:52:59.889"/>
</test>
<test id="s1-t12" name="Initiation of editing takes away delete and complete affordances" line="107">
<kw name="Open TodoMVC Page Using Chrome Browser" type="SETUP">
<kw name="Open Browser" library="SeleniumLibrary">
<arg>${MAIN_PAGE}</arg>
<arg>Chrome</arg>
<doc>Opens a new browser instance to the optional ``url``.</doc>
<msg timestamp="20220411 17:52:59.891" level="INFO">Opening browser 'Chrome' to base url 'https://todomvc.com/examples/react/#/'.</msg>
<status status="PASS" starttime="20220411 17:52:59.891" endtime="20220411 17:53:02.193"/>
</kw>
<kw name="Maximize Browser Window" library="SeleniumLibrary">
<doc>Maximizes current browser window.</doc>
<status status="PASS" starttime="20220411 17:53:02.194" endtime="20220411 17:53:02.372"/>
</kw>
<status status="PASS" starttime="20220411 17:52:59.890" endtime="20220411 17:53:02.372"/>
</kw>
<kw name="GIVEN I add a todo for">
<arg>File taxes</arg>
<kw name="Wait Until Element Is Enabled" library="SeleniumLibrary">
<arg>${TODO_INPUT_FIELD}</arg>
<doc>Waits until the element ``locator`` is enabled.</doc>
<status status="PASS" starttime="20220411 17:53:02.373" endtime="20220411 17:53:02.441"/>
</kw>
<kw name="Input Text" library="SeleniumLibrary">
<arg>${TODO_INPUT_FIELD}</arg>
<arg>${todo_item}</arg>
<doc>Types the given ``text`` into the text field identified by ``locator``.</doc>
<msg timestamp="20220411 17:53:02.441" level="INFO">Typing text 'File taxes' into text field '//input[@class='new-todo']'.</msg>
<status status="PASS" starttime="20220411 17:53:02.441" endtime="20220411 17:53:02.526"/>
</kw>
<kw name="Press Keys" library="SeleniumLibrary">
<arg>${TODO_INPUT_FIELD}</arg>
<arg>RETURN</arg>
<doc>Simulates the user pressing key(s) to an element or on the active browser.</doc>
<msg timestamp="20220411 17:53:02.527" level="INFO">Sending key(s) ('RETURN',) to //input[@class='new-todo'] element.</msg>
<msg timestamp="20220411 17:53:02.795" level="INFO">Pressing special key RETURN to element.</msg>
<msg timestamp="20220411 17:53:02.795" level="INFO">Releasing special key RETURN.</msg>
<status status="PASS" starttime="20220411 17:53:02.526" endtime="20220411 17:53:02.860"/>
</kw>
<status status="PASS" starttime="20220411 17:53:02.373" endtime="20220411 17:53:02.860"/>
</kw>
<kw name="WHEN The item is selected for edit">
<arg>File taxes</arg>
<kw name="Double Click Element" library="SeleniumLibrary">
<arg>//label[text()='${item}']</arg>
<doc>Double clicks the element identified by ``locator``.</doc>
<msg timestamp="20220411 17:53:02.861" level="INFO">Double clicking element '//label[text()='File taxes']'.</msg>
<status status="PASS" starttime="20220411 17:53:02.861" endtime="20220411 17:53:03.195"/>
</kw>
<status status="PASS" starttime="20220411 17:53:02.860" endtime="20220411 17:53:03.195"/>
</kw>
<kw name="Then the item cannot be completed">
<arg>File taxes</arg>
<kw name="Wait Until Page Does Not Contain Element" library="SeleniumLibrary">
<arg>//label[text()='${item}']//ancestor::li[contains(@class, 'completed')]</arg>
<doc>Waits until the element ``locator`` disappears from the current page.</doc>
<status status="PASS" starttime="20220411 17:53:03.196" endtime="20220411 17:53:03.205"/>
</kw>
<status status="PASS" starttime="20220411 17:53:03.196" endtime="20220411 17:53:03.205"/>
</kw>
<kw name="And the item cannot be removed">
<arg>File taxes</arg>
<kw name="Mouse Over" library="SeleniumLibrary">
<arg>//label[text()='${item}']//ancestor::li</arg>
<doc>Simulates hovering the mouse over the element ``locator``.</doc>
<msg timestamp="20220411 17:53:03.206" level="INFO">Simulating Mouse Over on element '//label[text()='File taxes']//ancestor::li'.</msg>
<status status="PASS" starttime="20220411 17:53:03.205" endtime="20220411 17:53:03.474"/>
</kw>
<kw name="Wait Until Element Is Not Visible" library="SeleniumLibrary">
<arg>//label[text()='${item}']//ancestor::li//button[@class='destroy']</arg>
<doc>Waits until the element ``locator`` is not visible.</doc>
<status status="PASS" starttime="20220411 17:53:03.475" endtime="20220411 17:53:03.504"/>
</kw>
<status status="PASS" starttime="20220411 17:53:03.205" endtime="20220411 17:53:03.504"/>
</kw>
<kw name="Close Browser" library="SeleniumLibrary" type="TEARDOWN">
<doc>Closes the current browser.</doc>
<status status="PASS" starttime="20220411 17:53:03.505" endtime="20220411 17:53:03.582"/>
</kw>
<status status="PASS" starttime="20220411 17:52:59.890" endtime="20220411 17:53:03.582"/>
</test>
<status status="PASS" starttime="20220411 17:52:22.907" endtime="20220411 17:53:03.584"/>
</suite>
<statistics>
<total>
<stat pass="12" fail="0" skip="0">All Tests</stat>
</total>
<tag>
</tag>
<suite>
<stat pass="12" fail="0" skip="0" id="s1" name="Test Todo">Test Todo</stat>
</suite>
</statistics>
<errors>
</errors>
</robot>
